<?xml version="1.0" encoding="UTF-8"?>
<testsuite name="StageTest" tests="4" skipped="0" failures="0" errors="0" timestamp="2020-05-10T03:29:30" hostname="ChristopherAir.lan" time="0.103">
  <properties/>
  <testcase name="testThatThereAreConstraintsBeforeStartingStage" classname="StageTest" time="0.02"/>
  <testcase name="testThatIncorrectIndexCannotBePassedToChangeConstraintStatus" classname="StageTest" time="0.062"/>
  <testcase name="testThatStringIsPassedAsConstructorParam" classname="StageTest" time="0.001"/>
  <testcase name="testThatNullIsNotPassedToAddMethod" classname="StageTest" time="0.005"/>
  <system-out><![CDATA[]]></system-out>
  <system-err><![CDATA[]]></system-err>
</testsuite>
