<?xml version="1.0" encoding="UTF-8"?>
<testsuite name="TimeConstraintTest" tests="3" skipped="0" failures="0" errors="0" timestamp="2020-05-07T12:51:11" hostname="ChristopherAir.lan" time="0.033">
  <properties/>
  <testcase name="testNullValuesAreNotPassedAsParams" classname="TimeConstraintTest" time="0.014"/>
  <testcase name="testNullValuesAreNotPassedToStartMethod" classname="TimeConstraintTest" time="0.006"/>
  <testcase name="testConstraintHasBeenStarted" classname="TimeConstraintTest" time="0.007"/>
  <system-out><![CDATA[]]></system-out>
  <system-err><![CDATA[]]></system-err>
</testsuite>
